2022-08-22 10:51:09,414 - INFO - IDR stream initialized
2022-08-22 10:51:09,416 - INFO - Aspera downloader initialized
2022-08-22 10:51:11,846 - INFO - Basicpy preprocessor initialized
2022-08-22 10:51:12,502 - INFO - CellPose segmentor initialized
2022-08-22 10:51:12,511 - INFO - Copied Deep Profiler config and checkpoint files
2022-08-22 10:51:12,514 - INFO - Running IDR stream with: 
batch_size 10 
start_batch 0 
batches 386 
batch nums all
2022-08-22 10:51:12,514 - INFO - Profiling batch 0
2022-08-22 10:51:12,514 - INFO - Processing well A15 from LT0001_02, frames [43]
2022-08-22 10:51:20,910 - INFO - well_movie_path: ../tmp/downloads/LT0001_02/00015_01.ch5
2022-08-22 10:51:23,676 - INFO - Saved corrected frames
2022-08-22 10:51:28,174 - INFO - Saved nuclei locations
2022-08-22 10:51:28,175 - INFO - Processing well B2 from LT0001_02, frames [46]
2022-08-22 10:51:36,271 - INFO - well_movie_path: ../tmp/downloads/LT0001_02/00026_01.ch5
2022-08-22 10:51:39,017 - INFO - Saved corrected frames
2022-08-22 10:51:42,028 - INFO - Saved nuclei locations
2022-08-22 10:51:42,028 - INFO - Processing well C15 from LT0001_02, frames [52]
2022-08-22 10:51:49,816 - INFO - well_movie_path: ../tmp/downloads/LT0001_02/00063_01.ch5
2022-08-22 10:51:52,072 - INFO - Saved corrected frames
2022-08-22 10:51:54,857 - INFO - Saved nuclei locations
2022-08-22 10:51:54,857 - INFO - Processing well D2 from LT0001_02, frames [31]
2022-08-22 10:52:03,321 - INFO - well_movie_path: ../tmp/downloads/LT0001_02/00074_01.ch5
2022-08-22 10:52:06,102 - INFO - Saved corrected frames
2022-08-22 10:52:09,089 - INFO - Saved nuclei locations
2022-08-22 10:52:09,089 - INFO - Processing well M16 from LT0001_02, frames [34]
2022-08-22 10:52:16,750 - INFO - well_movie_path: ../tmp/downloads/LT0001_02/00304_01.ch5
2022-08-22 10:52:19,229 - INFO - Saved corrected frames
2022-08-22 10:52:21,986 - INFO - Saved nuclei locations
2022-08-22 10:52:21,986 - INFO - Processing well N3 from LT0001_02, frames [58]
2022-08-22 10:52:29,616 - INFO - well_movie_path: ../tmp/downloads/LT0001_02/00315_01.ch5
2022-08-22 10:52:31,711 - INFO - Saved corrected frames
2022-08-22 10:52:34,582 - INFO - Saved nuclei locations
2022-08-22 10:52:34,582 - INFO - Processing well O16 from LT0001_02, frames [34]
2022-08-22 10:52:42,440 - INFO - well_movie_path: ../tmp/downloads/LT0001_02/00352_01.ch5
2022-08-22 10:52:44,772 - INFO - Saved corrected frames
2022-08-22 10:52:47,490 - INFO - Saved nuclei locations
2022-08-22 10:52:47,490 - INFO - Processing well A15 from LT0001_09, frames [38]
2022-08-22 10:52:55,760 - INFO - well_movie_path: ../tmp/downloads/LT0001_09/00015_01.ch5
2022-08-22 10:52:58,911 - INFO - Saved corrected frames
2022-08-22 10:53:01,357 - INFO - Saved nuclei locations
2022-08-22 10:53:01,357 - INFO - Processing well B2 from LT0001_09, frames [40]
2022-08-22 10:53:09,726 - INFO - well_movie_path: ../tmp/downloads/LT0001_09/00026_01.ch5
2022-08-22 10:53:12,538 - INFO - Saved corrected frames
2022-08-22 10:53:15,071 - INFO - Saved nuclei locations
2022-08-22 10:53:15,071 - INFO - Processing well C15 from LT0001_09, frames [50]
2022-08-22 10:53:23,834 - INFO - well_movie_path: ../tmp/downloads/LT0001_09/00063_01.ch5
2022-08-22 10:53:26,195 - INFO - Saved corrected frames
2022-08-22 10:53:29,041 - INFO - Saved nuclei locations
2022-08-22 10:53:29,043 - INFO - Compiled index.csv file to ../tmp/DP_project/inputs/metadata/index.csv
2022-08-22 10:53:42,184 - INFO - Deep Profiler run done
2022-08-22 10:53:43,632 - INFO - Batch features compiled with PyCytominer
2022-08-22 10:53:43,634 - INFO - Temporary batch files cleared
