2022-08-22 10:53:47,644 - INFO - IDR stream initialized
2022-08-22 10:53:47,648 - INFO - Aspera downloader initialized
2022-08-22 10:53:50,326 - INFO - Basicpy preprocessor initialized
2022-08-22 10:53:50,963 - INFO - CellPose segmentor initialized
2022-08-22 10:53:50,972 - INFO - Copied Deep Profiler config and checkpoint files
2022-08-22 10:53:50,975 - INFO - Running IDR stream with: 
batch_size 10 
start_batch 0 
batches 289 
batch nums all
2022-08-22 10:53:50,975 - INFO - Profiling batch 0
2022-08-22 10:53:50,975 - INFO - Processing well A4 from LT0001_02, frames [36]
2022-08-22 10:53:59,353 - INFO - well_movie_path: ../tmp/downloads/LT0001_02/00004_01.ch5
2022-08-22 10:54:02,398 - INFO - Saved corrected frames
2022-08-22 10:54:06,882 - INFO - Saved nuclei locations
2022-08-22 10:54:06,882 - INFO - Processing well C1 from LT0001_02, frames [42]
2022-08-22 10:54:15,136 - INFO - well_movie_path: ../tmp/downloads/LT0001_02/00049_01.ch5
2022-08-22 10:54:17,685 - INFO - Saved corrected frames
2022-08-22 10:54:20,793 - INFO - Saved nuclei locations
2022-08-22 10:54:20,793 - INFO - Processing well C4 from LT0001_02, frames [43]
2022-08-22 10:54:28,861 - INFO - well_movie_path: ../tmp/downloads/LT0001_02/00052_01.ch5
2022-08-22 10:54:31,369 - INFO - Saved corrected frames
2022-08-22 10:54:34,142 - INFO - Saved nuclei locations
2022-08-22 10:54:34,143 - INFO - Processing well A4 from LT0001_09, frames [39]
2022-08-22 10:54:42,556 - INFO - well_movie_path: ../tmp/downloads/LT0001_09/00004_01.ch5
2022-08-22 10:54:45,167 - INFO - Saved corrected frames
2022-08-22 10:54:47,789 - INFO - Saved nuclei locations
2022-08-22 10:54:47,789 - INFO - Processing well C1 from LT0001_09, frames [62]
2022-08-22 10:54:56,941 - INFO - well_movie_path: ../tmp/downloads/LT0001_09/00049_01.ch5
2022-08-22 10:54:59,763 - INFO - Saved corrected frames
2022-08-22 10:55:02,674 - INFO - Saved nuclei locations
2022-08-22 10:55:02,674 - INFO - Processing well C4 from LT0001_09, frames [40]
2022-08-22 10:55:11,340 - INFO - well_movie_path: ../tmp/downloads/LT0001_09/00052_01.ch5
2022-08-22 10:55:14,403 - INFO - Saved corrected frames
2022-08-22 10:55:17,296 - INFO - Saved nuclei locations
2022-08-22 10:55:17,296 - INFO - Processing well A4 from LT0001_12, frames [42]
2022-08-22 10:55:25,335 - INFO - well_movie_path: ../tmp/downloads/LT0001_12/00004_01.ch5
2022-08-22 10:55:28,600 - INFO - Saved corrected frames
2022-08-22 10:55:31,066 - INFO - Saved nuclei locations
2022-08-22 10:55:31,066 - INFO - Processing well C1 from LT0001_12, frames [36]
2022-08-22 10:55:39,004 - INFO - well_movie_path: ../tmp/downloads/LT0001_12/00049_01.ch5
2022-08-22 10:55:41,231 - INFO - Saved corrected frames
2022-08-22 10:55:43,764 - INFO - Saved nuclei locations
2022-08-22 10:55:43,765 - INFO - Processing well C4 from LT0001_12, frames [46]
2022-08-22 10:55:51,462 - INFO - well_movie_path: ../tmp/downloads/LT0001_12/00052_01.ch5
2022-08-22 10:55:53,681 - INFO - Saved corrected frames
2022-08-22 10:55:56,378 - INFO - Saved nuclei locations
2022-08-22 10:55:56,378 - INFO - Processing well A4 from LT0002_02, frames [31]
2022-08-22 10:56:04,590 - INFO - well_movie_path: ../tmp/downloads/LT0002_02/00004_01.ch5
2022-08-22 10:56:07,372 - INFO - Saved corrected frames
2022-08-22 10:56:09,934 - INFO - Saved nuclei locations
2022-08-22 10:56:09,936 - INFO - Compiled index.csv file to ../tmp/DP_project/inputs/metadata/index.csv
2022-08-22 10:56:23,417 - INFO - Deep Profiler run done
2022-08-22 10:56:25,002 - INFO - Batch features compiled with PyCytominer
2022-08-22 10:56:25,005 - INFO - Temporary batch files cleared
